Using pre-set license
Built from '2020.3/staging' branch; Version is '2020.3.19f1 (68f137dc9bbe) revision 6877495'; Using compiler version '192528614'; Build Type 'Release'
OS: 'Windows 10 Pro for Workstations; OS build 19044.1706; Version 2009; 64bit' Language: 'en' Physical Memory: 16306 MB
BatchMode: 1, IsHumanControllingUs: 0, StartBugReporterOnCrash: 0, Is64bit: 1, IsPro: 0

COMMAND LINE ARGUMENTS:
C:\Program Files\Unity\Hub\Editor\2020.3.19f1\Editor\Unity.exe
-adb2
-batchMode
-noUpm
-name
AssetImportWorker0
-projectPath
C:/Users/Imaginarium Admin/Documents/GitHub/This-Earth/This Earth
-logFile
Logs/AssetImportWorker0.log
-srvPort
57789
Successfully changed project path to: C:/Users/Imaginarium Admin/Documents/GitHub/This-Earth/This Earth
C:/Users/Imaginarium Admin/Documents/GitHub/This-Earth/This Earth
Using Asset Import Pipeline V2.
Refreshing native plugins compatible for Editor in 177.57 ms, found 11 plugins.
Preloading 2 native plugins for Editor in 12.56 ms.
Initialize engine version: 2020.3.19f1 (68f137dc9bbe)
[Subsystems] Discovering subsystems at path C:/Program Files/Unity/Hub/Editor/2020.3.19f1/Editor/Data/Resources/UnitySubsystems
[Subsystems] Discovering subsystems at path C:/Users/Imaginarium Admin/Documents/GitHub/This-Earth/This Earth/Assets
GfxDevice: creating device client; threaded=0
Direct3D:
    Version:  Direct3D 11.0 [level 11.1]
    Renderer: NVIDIA Quadro P4000 (ID=0x1bb1)
    Vendor:   
    VRAM:     8089 MB
    Driver:   30.0.14.7212
Initialize mono
Mono path[0] = 'C:/Program Files/Unity/Hub/Editor/2020.3.19f1/Editor/Data/Managed'
Mono path[1] = 'C:/Program Files/Unity/Hub/Editor/2020.3.19f1/Editor/Data/MonoBleedingEdge/lib/mono/unityjit'
Mono config path = 'C:/Program Files/Unity/Hub/Editor/2020.3.19f1/Editor/Data/MonoBleedingEdge/etc'
Using monoOptions --debugger-agent=transport=dt_socket,embedding=1,server=y,suspend=n,address=127.0.0.1:56864
Begin MonoManager ReloadAssembly
Registering precompiled unity dll's ...
Register platform support module: C:/Program Files/Unity/Hub/Editor/2020.3.19f1/Editor/Data/PlaybackEngines/WebGLSupport/UnityEditor.WebGL.Extensions.dll
Register platform support module: C:/Program Files/Unity/Hub/Editor/2020.3.19f1/Editor/Data/PlaybackEngines/WindowsStandaloneSupport/UnityEditor.WindowsStandalone.Extensions.dll
Registered in 0.007849 seconds.
Native extension for WindowsStandalone target not found
Native extension for WebGL target not found
Refreshing native plugins compatible for Editor in 61.91 ms, found 11 plugins.
Preloading 2 native plugins for Editor in 0.29 ms.
Mono: successfully reloaded assembly
- Completed reload, in  3.953 seconds
Domain Reload Profiling:
	ReloadAssembly (3953ms)
		BeginReloadAssembly (177ms)
			ExecutionOrderSort (0ms)
			DisableScriptedObjects (0ms)
			BackupInstance (0ms)
			ReleaseScriptingObjects (0ms)
			CreateAndSetChildDomain (1ms)
		EndReloadAssembly (522ms)
			LoadAssemblies (176ms)
			RebuildTransferFunctionScriptingTraits (0ms)
			SetupTypeCache (186ms)
			ReleaseScriptCaches (0ms)
			RebuildScriptCaches (30ms)
			SetupLoadedEditorAssemblies (204ms)
				LogAssemblyErrors (0ms)
				InitializePlatformSupportModulesInManaged (6ms)
				SetLoadedEditorAssemblies (0ms)
				RefreshPlugins (62ms)
				BeforeProcessingInitializeOnLoad (20ms)
				ProcessInitializeOnLoadAttributes (84ms)
				ProcessInitializeOnLoadMethodAttributes (31ms)
				AfterProcessingInitializeOnLoad (0ms)
				EditorAssembliesLoaded (0ms)
			ExecutionOrderSort2 (0ms)
			AwakeInstancesAfterBackupRestoration (0ms)
Platform modules already initialized, skipping
Registering precompiled user dll's ...
Registered in 0.069520 seconds.
Begin MonoManager ReloadAssembly
Native extension for WindowsStandalone target not found
Native extension for WebGL target not found
Refreshing native plugins compatible for Editor in 58.49 ms, found 11 plugins.
Preloading 2 native plugins for Editor in 0.27 ms.
[XR] OculusXRPlugin: registering subsystems
[XR] Unable to register display lifecyle provider: [1]
[XR] Oculus Input lifecycle provider registered.
[XR] Unable to register input lifecyle provider: [1]
System.Reflection.TargetInvocationException: Exception has been thrown by the target of an invocation. ---> System.NullReferenceException: Object reference not set to an instance of an object
  at Unity.XR.Oculus.OculusLoader.AssetPathToAbsolutePath (System.String assetPath) [0x0004e] in <64c99b640f08448ea1de6505220b58ac>:0 
  at Unity.XR.Oculus.OculusLoader.EditorLoadOVRPlugin () [0x0007b] in <64c99b640f08448ea1de6505220b58ac>:0 
  at (wrapper managed-to-native) System.Reflection.MonoMethod.InternalInvoke(System.Reflection.MonoMethod,object,object[],System.Exception&)
  at System.Reflection.MonoMethod.Invoke (System.Object obj, System.Reflection.BindingFlags invokeAttr, System.Reflection.Binder binder, System.Object[] parameters, System.Globalization.CultureInfo culture) [0x00032] in <695d1cc93cca45069c528c15c9fdd749>:0 
   --- End of inner exception stack trace ---
  at System.Reflection.MonoMethod.Invoke (System.Object obj, System.Reflection.BindingFlags invokeAttr, System.Reflection.Binder binder, System.Object[] parameters, System.Globalization.CultureInfo culture) [0x00048] in <695d1cc93cca45069c528c15c9fdd749>:0 
  at System.Reflection.MethodBase.Invoke (System.Object obj, System.Object[] parameters) [0x00000] in <695d1cc93cca45069c528c15c9fdd749>:0 
  at UnityEditor.EditorAssemblies.ProcessInitializeOnLoadMethodAttributes () [0x00047] in <97ba64834c8f4edc84e3d8e30b04f122>:0 
UnityEngine.StackTraceUtility:ExtractStackTrace ()
UnityEngine.DebugLogHandler:LogFormat (UnityEngine.LogType,UnityEngine.Object,string,object[])
UnityEngine.Logger:Log (UnityEngine.LogType,object)
UnityEngine.Debug:LogError (object)
UnityEditor.EditorAssemblies:ProcessInitializeOnLoadMethodAttributes ()

Mono: successfully reloaded assembly
- Completed reload, in  4.048 seconds
Domain Reload Profiling:
	ReloadAssembly (4051ms)
		BeginReloadAssembly (276ms)
			ExecutionOrderSort (0ms)
			DisableScriptedObjects (5ms)
			BackupInstance (0ms)
			ReleaseScriptingObjects (0ms)
			CreateAndSetChildDomain (24ms)
		EndReloadAssembly (3683ms)
			LoadAssemblies (2539ms)
			RebuildTransferFunctionScriptingTraits (0ms)
			SetupTypeCache (387ms)
			ReleaseScriptCaches (1ms)
			RebuildScriptCaches (57ms)
			SetupLoadedEditorAssemblies (653ms)
				LogAssemblyErrors (0ms)
				InitializePlatformSupportModulesInManaged (8ms)
				SetLoadedEditorAssemblies (0ms)
				RefreshPlugins (59ms)
				BeforeProcessingInitializeOnLoad (138ms)
				ProcessInitializeOnLoadAttributes (408ms)
				ProcessInitializeOnLoadMethodAttributes (23ms)
				AfterProcessingInitializeOnLoad (16ms)
				EditorAssembliesLoaded (0ms)
			ExecutionOrderSort2 (0ms)
			AwakeInstancesAfterBackupRestoration (6ms)
Platform modules already initialized, skipping
========================================================================
Worker process is ready to serve import requests
Launched and connected shader compiler UnityShaderCompiler.exe after 0.18 seconds
Refreshing native plugins compatible for Editor in 0.74 ms, found 11 plugins.
Preloading 2 native plugins for Editor in 0.25 ms.
Unloading 2490 Unused Serialized files (Serialized files now loaded: 0)
System memory in use before: 101.4 MB.
System memory in use after: 101.6 MB.

Unloading 22 unused Assets to reduce memory usage. Loaded Objects now: 2925.
Total: 4.003800 ms (FindLiveObjects: 0.262700 ms CreateObjectMapping: 0.115800 ms MarkObjects: 3.534100 ms  DeleteObjects: 0.089700 ms)

AssetImportParameters requested are different than current active one (requested -> active):
  custom:framework-win-MediaFoundation: 216162199b28c13a410421893ffa2e32 -> 
  custom:video-decoder-ogg-theora: a1e56fd34408186e4bbccfd4996cb3dc -> 
  custom:container-muxer-webm: aa71ff27fc2769a1b78a27578f13a17b -> 
  custom:container-demuxer-webm: 4f35f7cbe854078d1ac9338744f61a02 -> 
  custom:container-demuxer-ogg: 62fdf1f143b41e24485cea50d1cbac27 -> 
  custom:video-encoder-webm-vp8: eb34c28f22e8b96e1ab97ce403110664 -> 
  custom:video-decoder-webm-vp8: 9c59270c3fd7afecdb556c50c9e8de78 -> 
  custom:audio-decoder-ogg-vorbis: bf7c407c2cedff20999df2af8eb42d56 -> 
  custom:audio-encoder-webm-vorbis: bf7c407c2cedff20999df2af8eb42d56 -> 
========================================================================
Received Import Request.
  path: Assets/ExampleAssets/Prefabs
  artifactKey: Guid(82604acad0a5a414f8a866ee8d466621) Importer(815301076,1909f56bfc062723c751e8b465ee728b)
Start importing Assets/ExampleAssets/Prefabs using Guid(82604acad0a5a414f8a866ee8d466621) Importer(815301076,1909f56bfc062723c751e8b465ee728b)  -> (artifact id: '514cf07f071ab4a9dc5a7f3984bcd3aa') in 0.014826 seconds 
  Import took 0.020589 seconds .

========================================================================
Received Import Request.
  Time since last request: 0.000316 seconds.
  path: Assets/XR
  artifactKey: Guid(22baeac49dfd54025859cd02808b06f8) Importer(815301076,1909f56bfc062723c751e8b465ee728b)
Start importing Assets/XR using Guid(22baeac49dfd54025859cd02808b06f8) Importer(815301076,1909f56bfc062723c751e8b465ee728b)  -> (artifact id: 'dc008f76a3d54804df8ae9f0397c95e0') in 0.012300 seconds 
  Import took 0.017838 seconds .

========================================================================
Received Import Request.
  Time since last request: 0.000327 seconds.
  path: Assets/ExampleAssets/Materials/Grid.mat
  artifactKey: Guid(3f9336a53d1d2ea43895699cc52cb411) Importer(815301076,1909f56bfc062723c751e8b465ee728b)
Start importing Assets/ExampleAssets/Materials/Grid.mat using Guid(3f9336a53d1d2ea43895699cc52cb411) Importer(815301076,1909f56bfc062723c751e8b465ee728b)  -> (artifact id: '84b1afa5a4c398f8c6d04fe20bcce0a1') in 0.170667 seconds 
  Import took 0.175968 seconds .

========================================================================
Received Import Request.
  Time since last request: 0.000363 seconds.
  path: Assets/ExampleAssets/Prefabs/XRControllerLeft.prefab
  artifactKey: Guid(5b158b94c373d4b4f9e98cdb92789343) Importer(815301076,1909f56bfc062723c751e8b465ee728b)
Start importing Assets/ExampleAssets/Prefabs/XRControllerLeft.prefab using Guid(5b158b94c373d4b4f9e98cdb92789343) Importer(815301076,1909f56bfc062723c751e8b465ee728b)  -> (artifact id: '5791982cfad57cdfc72299dd754d2f9c') in 0.190174 seconds 
  Import took 0.195887 seconds .

========================================================================
Received Import Request.
  Time since last request: 0.000326 seconds.
  path: Assets/ExampleAssets/Materials
  artifactKey: Guid(7e2c000a47cf74a35ba28043f5839c1e) Importer(815301076,1909f56bfc062723c751e8b465ee728b)
Start importing Assets/ExampleAssets/Materials using Guid(7e2c000a47cf74a35ba28043f5839c1e) Importer(815301076,1909f56bfc062723c751e8b465ee728b)  -> (artifact id: '6e23d876a9c6052aa532e5f4a3588c1f') in 0.012047 seconds 
  Import took 0.018597 seconds .

========================================================================
Received Import Request.
  Time since last request: 0.000293 seconds.
  path: Assets/ExampleAssets/Materials/Skybox Light.mat
  artifactKey: Guid(3a408e788dcbed6429c8d22a01b32a76) Importer(815301076,1909f56bfc062723c751e8b465ee728b)
Start importing Assets/ExampleAssets/Materials/Skybox Light.mat using Guid(3a408e788dcbed6429c8d22a01b32a76) Importer(815301076,1909f56bfc062723c751e8b465ee728b)  -> (artifact id: 'bbe2ed09cbc21f56a539018e1e111534') in 0.029090 seconds 
  Import took 0.035284 seconds .

========================================================================
Received Import Request.
  Time since last request: 0.000337 seconds.
  path: Assets/ExampleAssets/Textures
  artifactKey: Guid(2aab7ef822b354523935cb8a8fdb23fc) Importer(815301076,1909f56bfc062723c751e8b465ee728b)
Start importing Assets/ExampleAssets/Textures using Guid(2aab7ef822b354523935cb8a8fdb23fc) Importer(815301076,1909f56bfc062723c751e8b465ee728b)  -> (artifact id: '306a292b6b2e99ab2c130fe2b4e138db') in 0.014715 seconds 
  Import took 0.021670 seconds .

========================================================================
Received Import Request.
  Time since last request: 0.000369 seconds.
  path: Assets/ExampleAssets/Prefabs/XRControllerRight.prefab
  artifactKey: Guid(1f4d373a613d0466fbd8849470265852) Importer(815301076,1909f56bfc062723c751e8b465ee728b)
Start importing Assets/ExampleAssets/Prefabs/XRControllerRight.prefab using Guid(1f4d373a613d0466fbd8849470265852) Importer(815301076,1909f56bfc062723c751e8b465ee728b)  -> (artifact id: '431bde97301efcdbf2c28bd39b33f912') in 0.034618 seconds 
  Import took 0.040178 seconds .

========================================================================
Received Import Request.
  Time since last request: 0.000336 seconds.
  path: Assets/ExampleAssets/Textures/Grid_Light_512x512.png
  artifactKey: Guid(a5888ab2610a91d40a5deefc40b7bfe4) Importer(815301076,1909f56bfc062723c751e8b465ee728b)
Start importing Assets/ExampleAssets/Textures/Grid_Light_512x512.png using Guid(a5888ab2610a91d40a5deefc40b7bfe4) Importer(815301076,1909f56bfc062723c751e8b465ee728b)  -> (artifact id: 'b374f7b2d32b4ce5c024c3c091e74909') in 0.127594 seconds 
  Import took 0.133547 seconds .

========================================================================
Received Import Request.
  Time since last request: 0.000297 seconds.
  path: Assets/ExampleAssets/Materials/Controller.mat
  artifactKey: Guid(3d2e36aacd7dc084b96e0755f1af4137) Importer(815301076,1909f56bfc062723c751e8b465ee728b)
Start importing Assets/ExampleAssets/Materials/Controller.mat using Guid(3d2e36aacd7dc084b96e0755f1af4137) Importer(815301076,1909f56bfc062723c751e8b465ee728b)  -> (artifact id: '4ed690c8eb5f5cfb0ed8f34488606951') in 0.048950 seconds 
  Import took 0.054463 seconds .

========================================================================
Received Import Request.
  Time since last request: 0.000618 seconds.
  path: Assets/XRI
  artifactKey: Guid(09f9a66ff800c9148a01f250616b53c0) Importer(815301076,1909f56bfc062723c751e8b465ee728b)
Start importing Assets/XRI using Guid(09f9a66ff800c9148a01f250616b53c0) Importer(815301076,1909f56bfc062723c751e8b465ee728b)  -> (artifact id: '64be16e1b4f6ddbe9a2a7a4019a91de5') in 0.013818 seconds 
  Import took 0.022360 seconds .

========================================================================
Received Import Request.
  Time since last request: 0.000365 seconds.
  path: Assets/ExampleAssets/Models/XRControllerLeft.fbx
  artifactKey: Guid(e48d18018a0ba46c283d9fd9c227e578) Importer(815301076,1909f56bfc062723c751e8b465ee728b)
Start importing Assets/ExampleAssets/Models/XRControllerLeft.fbx using Guid(e48d18018a0ba46c283d9fd9c227e578) Importer(815301076,1909f56bfc062723c751e8b465ee728b)  -> (artifact id: 'b1d7a0bf7d114a5c6320170c444788e2') in 0.487732 seconds 
  Import took 0.494916 seconds .

========================================================================
Received Import Request.
  Time since last request: 0.000369 seconds.
  path: Assets/ExampleAssets/Models
  artifactKey: Guid(4a0dd92c4753243b18b4100cf4991b5b) Importer(815301076,1909f56bfc062723c751e8b465ee728b)
Start importing Assets/ExampleAssets/Models using Guid(4a0dd92c4753243b18b4100cf4991b5b) Importer(815301076,1909f56bfc062723c751e8b465ee728b)  -> (artifact id: 'f393eb9eeb9cc0e32f35eaf84ad4c547') in 0.014401 seconds 
  Import took 0.022109 seconds .

========================================================================
Received Import Request.
  Time since last request: 0.000290 seconds.
  path: Assets/ExampleAssets/Models/XRControllerRight.fbx
  artifactKey: Guid(2d10b9b89f2474de9800b152c3d00004) Importer(815301076,1909f56bfc062723c751e8b465ee728b)
Start importing Assets/ExampleAssets/Models/XRControllerRight.fbx using Guid(2d10b9b89f2474de9800b152c3d00004) Importer(815301076,1909f56bfc062723c751e8b465ee728b)  -> (artifact id: '403a5ff2dc6afe0fb00542b1b295670b') in 0.113072 seconds 
  Import took 0.118110 seconds .

========================================================================
Received Import Request.
  Time since last request: 0.382840 seconds.
  path: Assets/ExampleAssets/Tutorial
  artifactKey: Guid(4aa865ce879c443d3b970d28b0499121) Importer(815301076,1909f56bfc062723c751e8b465ee728b)
Start importing Assets/ExampleAssets/Tutorial using Guid(4aa865ce879c443d3b970d28b0499121) Importer(815301076,1909f56bfc062723c751e8b465ee728b)  -> (artifact id: '35927754300dc11cab294e98efbffba4') in 0.011607 seconds 
  Import took 0.016822 seconds .

========================================================================
Received Import Request.
  Time since last request: 0.037474 seconds.
  path: Assets/ExampleAssets/Tutorial/VRTutorialContainer.asset
  artifactKey: Guid(66a752886585f42d5b39f6f643d399f9) Importer(815301076,1909f56bfc062723c751e8b465ee728b)
Start importing Assets/ExampleAssets/Tutorial/VRTutorialContainer.asset using Guid(66a752886585f42d5b39f6f643d399f9) Importer(815301076,1909f56bfc062723c751e8b465ee728b)  -> (artifact id: '7f8f31a6073d12b16d0bf3ab9937a0dc') in 0.028164 seconds 
  Import took 0.033941 seconds .

========================================================================
Received Import Request.
  Time since last request: 0.000266 seconds.
  path: Assets/ExampleAssets/Tutorial/VRTutorialStyle.asset
  artifactKey: Guid(148a9beb0fa9a4026a837fad3a14e6a4) Importer(815301076,1909f56bfc062723c751e8b465ee728b)
Start importing Assets/ExampleAssets/Tutorial/VRTutorialStyle.asset using Guid(148a9beb0fa9a4026a837fad3a14e6a4) Importer(815301076,1909f56bfc062723c751e8b465ee728b)  -> (artifact id: '8dca5db9347dd0b200e39b9e8e8bdc53') in 0.047482 seconds 
  Import took 0.052580 seconds .

========================================================================
Received Import Request.
  Time since last request: 0.000317 seconds.
  path: Assets/ExampleAssets/Tutorial/VRTutorialWelcomePage.asset
  artifactKey: Guid(3bf5c60804f704e11826afa05a7e2152) Importer(815301076,1909f56bfc062723c751e8b465ee728b)
Start importing Assets/ExampleAssets/Tutorial/VRTutorialWelcomePage.asset using Guid(3bf5c60804f704e11826afa05a7e2152) Importer(815301076,1909f56bfc062723c751e8b465ee728b)  -> (artifact id: '33836ea46f643bfd62f8aea304f47cae') in 0.024311 seconds 
  Import took 0.029843 seconds .

========================================================================
Received Import Request.
  Time since last request: 0.000353 seconds.
  path: Assets/ExampleAssets/Tutorial/VRTutorialProjectSettings.asset
  artifactKey: Guid(76b4acc4d12394f60a5accbec43ae2a7) Importer(815301076,1909f56bfc062723c751e8b465ee728b)
Start importing Assets/ExampleAssets/Tutorial/VRTutorialProjectSettings.asset using Guid(76b4acc4d12394f60a5accbec43ae2a7) Importer(815301076,1909f56bfc062723c751e8b465ee728b)  -> (artifact id: '38a1b27bc94a34bf817f413d8bce5db5') in 0.044119 seconds 
  Import took 0.049747 seconds .

